<?xml version="1.0" encoding="UTF-8"?>
<!-- Generated by org.testng.reporters.JUnitXMLReporter -->
<testsuite ignored="0" hostname="F884270-W10" failures="0" tests="11" name="Free CRM App Test Cases" time="292.894" errors="0" timestamp="2023-01-19T22:12:16 IST">
  <testcase classname="testCases.LoginPageTest" name="loginPageTitleTest" time="0.05"/>
  <testcase classname="testCases.LoginPageTest" name="logoTest" time="0.178"/>
  <testcase classname="testCases.LoginPageTest" name="ableToLogin" time="14.794"/>
  <testcase classname="testCases.HomePageTest" name="verfiyhomePageTitle" time="0.004"/>
  <testcase classname="testCases.HomePageTest" name="verifyUserNameLabelTest" time="0.06"/>
  <testcase classname="testCases.HomePageTest" name="verifyContactLinkTest" time="6.413"/>
  <testcase classname="testCases.ContactPageTest" name="verifyContactLabelTest" time="4.394"/>
  <testcase classname="testCases.ContactPageTest" name="verifyClickOnCreateNewContactLinkTest" time="7.603"/>
  <testcase classname="testCases.ContactPageTest" name="CreateNewContactTest" time="7.71"/>
  <testcase classname="testCases.ContactPageTest" name="CreateNewContactTest" time="23.674"/>
  <testcase classname="testCases.ContactPageTest" name="CreateNewContactTest" time="12.236"/>
</testsuite> <!-- Free CRM App Test Cases -->
